<?xml version="1.0" encoding="UTF-8"?>
<testng-results skipped="0" failed="0" total="1" passed="1">
  <reporter-output>
  </reporter-output>
  <suite name="Suite" duration-ms="37252" started-at="2020-02-24T22:24:01Z" finished-at="2020-02-24T22:24:38Z">
    <groups>
    </groups>
    <test name="Test" duration-ms="37252" started-at="2020-02-24T22:24:01Z" finished-at="2020-02-24T22:24:38Z">
      <class name="printProduct.TestPage">
        <test-method status="PASS" signature="openBrowser()[pri:0, instance:printProduct.TestPage@5c7fa833]" name="openBrowser" is-config="true" duration-ms="8989" started-at="2020-02-25T03:54:01Z" finished-at="2020-02-25T03:54:10Z">
          <reporter-output>
          </reporter-output>
        </test-method> <!-- openBrowser -->
        <test-method status="PASS" signature="Amazon()[pri:0, instance:printProduct.TestPage@5c7fa833]" name="Amazon" duration-ms="27402" started-at="2020-02-25T03:54:10Z" finished-at="2020-02-25T03:54:37Z">
          <reporter-output>
          </reporter-output>
        </test-method> <!-- Amazon -->
        <test-method status="PASS" signature="closeBrowser()[pri:0, instance:printProduct.TestPage@5c7fa833]" name="closeBrowser" is-config="true" duration-ms="838" started-at="2020-02-25T03:54:37Z" finished-at="2020-02-25T03:54:38Z">
          <reporter-output>
          </reporter-output>
        </test-method> <!-- closeBrowser -->
      </class> <!-- printProduct.TestPage -->
    </test> <!-- Test -->
  </suite> <!-- Suite -->
</testng-results>
